[
  {
    "line": 2,
    "elements": [
      {
<<<<<<< HEAD
        "start_timestamp": "2020-02-22T16:46:27.449Z",
        "before": [
          {
            "result": {
              "error_message": "org.openqa.selenium.WebDriverException: Unable to parse remote response: Misconfigured -- Sauce Labs Authentication Error.\nYou used username \u0027Jsenzano\u0027 and access key \u0027XXXXXXXX-XXXX-XXXX-XXXX-XXXX1571492f\u0027 to authenticate, which are not valid Sauce Labs credentials.\n\nThe following desired capabilities were received:\n{\u0027BrowserName\u0027: \u0027chrome\u0027,\n \u0027browserName\u0027: \u0027chrome\u0027,\n \u0027platform\u0027: \u0027WIN10\u0027,\n \u0027version\u0027: \u002778\u0027}\r\n\tat org.openqa.selenium.remote.ProtocolHandshake.createSession(ProtocolHandshake.java:115)\r\n\tat org.openqa.selenium.remote.ProtocolHandshake.createSession(ProtocolHandshake.java:74)\r\n\tat org.openqa.selenium.remote.HttpCommandExecutor.execute(HttpCommandExecutor.java:136)\r\n\tat org.openqa.selenium.remote.RemoteWebDriver.execute(RemoteWebDriver.java:552)\r\n\tat org.openqa.selenium.remote.RemoteWebDriver.startSession(RemoteWebDriver.java:213)\r\n\tat org.openqa.selenium.remote.RemoteWebDriver.\u003cinit\u003e(RemoteWebDriver.java:131)\r\n\tat org.openqa.selenium.remote.RemoteWebDriver.\u003cinit\u003e(RemoteWebDriver.java:144)\r\n\tat util.Driver.getRemoteDriver(Driver.java:80)\r\n\tat util.Driver.initialize(Driver.java:28)\r\n\tat util.Driver.getDriver(Driver.java:69)\r\n\tat step_definitions.Hooks.beforeScenario(Hooks.java:15)\r\n\tat java.base/jdk.internal.reflect.NativeMethodAccessorImpl.invoke0(Native Method)\r\n\tat java.base/jdk.internal.reflect.NativeMethodAccessorImpl.invoke(NativeMethodAccessorImpl.java:62)\r\n\tat java.base/jdk.internal.reflect.DelegatingMethodAccessorImpl.invoke(DelegatingMethodAccessorImpl.java:43)\r\n\tat java.base/java.lang.reflect.Method.invoke(Method.java:567)\r\n\tat cucumber.runtime.Utils$1.call(Utils.java:26)\r\n\tat cucumber.runtime.Timeout.timeout(Timeout.java:16)\r\n\tat cucumber.runtime.Utils.invoke(Utils.java:20)\r\n\tat cucumber.runtime.java.JavaHookDefinition.execute(JavaHookDefinition.java:65)\r\n\tat cucumber.runner.HookDefinitionMatch.runStep(HookDefinitionMatch.java:16)\r\n\tat cucumber.runner.TestStep.executeStep(TestStep.java:65)\r\n\tat cucumber.runner.TestStep.run(TestStep.java:50)\r\n\tat cucumber.runner.TestCase.run(TestCase.java:42)\r\n\tat cucumber.runner.Runner.runPickle(Runner.java:50)\r\n\tat io.cucumber.junit.PickleRunners$NoStepDescriptions.run(PickleRunners.java:146)\r\n\tat io.cucumber.junit.FeatureRunner.runChild(FeatureRunner.java:68)\r\n\tat io.cucumber.junit.FeatureRunner.runChild(FeatureRunner.java:23)\r\n\tat org.junit.runners.ParentRunner$4.run(ParentRunner.java:331)\r\n\tat org.junit.runners.ParentRunner$1.schedule(ParentRunner.java:79)\r\n\tat org.junit.runners.ParentRunner.runChildren(ParentRunner.java:329)\r\n\tat org.junit.runners.ParentRunner.access$100(ParentRunner.java:66)\r\n\tat org.junit.runners.ParentRunner$2.evaluate(ParentRunner.java:293)\r\n\tat org.junit.runners.ParentRunner$3.evaluate(ParentRunner.java:306)\r\n\tat org.junit.runners.ParentRunner.run(ParentRunner.java:413)\r\n\tat io.cucumber.junit.Cucumber.runChild(Cucumber.java:144)\r\n\tat io.cucumber.junit.Cucumber.runChild(Cucumber.java:65)\r\n\tat org.junit.runners.ParentRunner$4.run(ParentRunner.java:331)\r\n\tat org.junit.runners.ParentRunner$1.schedule(ParentRunner.java:79)\r\n\tat org.junit.runners.ParentRunner.runChildren(ParentRunner.java:329)\r\n\tat org.junit.runners.ParentRunner.access$100(ParentRunner.java:66)\r\n\tat org.junit.runners.ParentRunner$2.evaluate(ParentRunner.java:293)\r\n\tat io.cucumber.junit.Cucumber$RunCucumber.evaluate(Cucumber.java:174)\r\n\tat org.junit.runners.ParentRunner$3.evaluate(ParentRunner.java:306)\r\n\tat org.junit.runners.ParentRunner.run(ParentRunner.java:413)\r\n\tat org.junit.runner.JUnitCore.run(JUnitCore.java:137)\r\n\tat com.intellij.junit4.JUnit4IdeaTestRunner.startRunnerWithArgs(JUnit4IdeaTestRunner.java:68)\r\n\tat com.intellij.rt.junit.IdeaTestRunner$Repeater.startRunnerWithArgs(IdeaTestRunner.java:33)\r\n\tat com.intellij.rt.junit.JUnitStarter.prepareStreamsAndStart(JUnitStarter.java:230)\r\n\tat com.intellij.rt.junit.JUnitStarter.main(JUnitStarter.java:58)\r\nCaused by: org.openqa.selenium.json.JsonException: Unable to determine type from: M. Last 1 characters read: M\nBuild info: version: \u00273.141.59\u0027, revision: \u0027e82be7d358\u0027, time: \u00272018-11-14T08:17:03\u0027\nSystem info: host: \u0027DESKTOP-C42P8CD\u0027, ip: \u0027192.168.1.183\u0027, os.name: \u0027Windows 10\u0027, os.arch: \u0027amd64\u0027, os.version: \u002710.0\u0027, java.version: \u002712.0.2\u0027\nDriver info: driver.version: Driver\r\n\tat org.openqa.selenium.json.JsonInput.peek(JsonInput.java:122)\r\n\tat org.openqa.selenium.json.JsonTypeCoercer.lambda$null$6(JsonTypeCoercer.java:140)\r\n\tat org.openqa.selenium.json.JsonTypeCoercer.coerce(JsonTypeCoercer.java:126)\r\n\tat org.openqa.selenium.json.Json.toType(Json.java:69)\r\n\tat org.openqa.selenium.json.Json.toType(Json.java:55)\r\n\tat org.openqa.selenium.json.Json.toType(Json.java:50)\r\n\tat org.openqa.selenium.remote.ProtocolHandshake.createSession(ProtocolHandshake.java:112)\r\n\t... 48 more\r\n",
              "duration": 1354178900,
=======
        "start_timestamp": "2020-02-22T18:22:10.822Z",
        "before": [
          {
            "result": {
              "error_message": "org.openqa.selenium.WebDriverException: Unable to parse remote response: Misconfigured -- Unsupported OS/browser/version/device combo: OS: \u0027MacOS Catalina\u0027, Browser: \u0027googlechrome\u0027, Version: \u002778.\u0027, Device: \u0027unspecified\u0027\n\tat org.openqa.selenium.remote.ProtocolHandshake.createSession(ProtocolHandshake.java:115)\n\tat org.openqa.selenium.remote.ProtocolHandshake.createSession(ProtocolHandshake.java:74)\n\tat org.openqa.selenium.remote.HttpCommandExecutor.execute(HttpCommandExecutor.java:136)\n\tat org.openqa.selenium.remote.RemoteWebDriver.execute(RemoteWebDriver.java:552)\n\tat org.openqa.selenium.remote.RemoteWebDriver.startSession(RemoteWebDriver.java:213)\n\tat org.openqa.selenium.remote.RemoteWebDriver.\u003cinit\u003e(RemoteWebDriver.java:131)\n\tat org.openqa.selenium.remote.RemoteWebDriver.\u003cinit\u003e(RemoteWebDriver.java:144)\n\tat util.Driver.getRemoteDriver(Driver.java:79)\n\tat util.Driver.initialize(Driver.java:28)\n\tat util.Driver.getDriver(Driver.java:68)\n\tat step_definitions.Hooks.beforeScenario(Hooks.java:15)\n\tat java.base/jdk.internal.reflect.NativeMethodAccessorImpl.invoke0(Native Method)\n\tat java.base/jdk.internal.reflect.NativeMethodAccessorImpl.invoke(NativeMethodAccessorImpl.java:62)\n\tat java.base/jdk.internal.reflect.DelegatingMethodAccessorImpl.invoke(DelegatingMethodAccessorImpl.java:43)\n\tat java.base/java.lang.reflect.Method.invoke(Method.java:567)\n\tat cucumber.runtime.Utils$1.call(Utils.java:26)\n\tat cucumber.runtime.Timeout.timeout(Timeout.java:16)\n\tat cucumber.runtime.Utils.invoke(Utils.java:20)\n\tat cucumber.runtime.java.JavaHookDefinition.execute(JavaHookDefinition.java:65)\n\tat cucumber.runner.HookDefinitionMatch.runStep(HookDefinitionMatch.java:16)\n\tat cucumber.runner.TestStep.executeStep(TestStep.java:65)\n\tat cucumber.runner.TestStep.run(TestStep.java:50)\n\tat cucumber.runner.TestCase.run(TestCase.java:42)\n\tat cucumber.runner.Runner.runPickle(Runner.java:50)\n\tat io.cucumber.junit.PickleRunners$NoStepDescriptions.run(PickleRunners.java:146)\n\tat io.cucumber.junit.FeatureRunner.runChild(FeatureRunner.java:68)\n\tat io.cucumber.junit.FeatureRunner.runChild(FeatureRunner.java:23)\n\tat org.junit.runners.ParentRunner$4.run(ParentRunner.java:331)\n\tat org.junit.runners.ParentRunner$1.schedule(ParentRunner.java:79)\n\tat org.junit.runners.ParentRunner.runChildren(ParentRunner.java:329)\n\tat org.junit.runners.ParentRunner.access$100(ParentRunner.java:66)\n\tat org.junit.runners.ParentRunner$2.evaluate(ParentRunner.java:293)\n\tat org.junit.runners.ParentRunner$3.evaluate(ParentRunner.java:306)\n\tat org.junit.runners.ParentRunner.run(ParentRunner.java:413)\n\tat io.cucumber.junit.Cucumber.runChild(Cucumber.java:144)\n\tat io.cucumber.junit.Cucumber.runChild(Cucumber.java:65)\n\tat org.junit.runners.ParentRunner$4.run(ParentRunner.java:331)\n\tat org.junit.runners.ParentRunner$1.schedule(ParentRunner.java:79)\n\tat org.junit.runners.ParentRunner.runChildren(ParentRunner.java:329)\n\tat org.junit.runners.ParentRunner.access$100(ParentRunner.java:66)\n\tat org.junit.runners.ParentRunner$2.evaluate(ParentRunner.java:293)\n\tat io.cucumber.junit.Cucumber$RunCucumber.evaluate(Cucumber.java:174)\n\tat org.junit.runners.ParentRunner$3.evaluate(ParentRunner.java:306)\n\tat org.junit.runners.ParentRunner.run(ParentRunner.java:413)\n\tat org.junit.runner.JUnitCore.run(JUnitCore.java:137)\n\tat com.intellij.junit4.JUnit4IdeaTestRunner.startRunnerWithArgs(JUnit4IdeaTestRunner.java:68)\n\tat com.intellij.rt.junit.IdeaTestRunner$Repeater.startRunnerWithArgs(IdeaTestRunner.java:33)\n\tat com.intellij.rt.junit.JUnitStarter.prepareStreamsAndStart(JUnitStarter.java:230)\n\tat com.intellij.rt.junit.JUnitStarter.main(JUnitStarter.java:58)\nCaused by: org.openqa.selenium.json.JsonException: Unable to determine type from: M. Last 1 characters read: M\nBuild info: version: \u00273.141.59\u0027, revision: \u0027e82be7d358\u0027, time: \u00272018-11-14T08:17:03\u0027\nSystem info: host: \u0027Techs-iMac.local\u0027, ip: \u0027192.168.0.128\u0027, os.name: \u0027Mac OS X\u0027, os.arch: \u0027x86_64\u0027, os.version: \u002710.13.6\u0027, java.version: \u002712.0.2\u0027\nDriver info: driver.version: Driver\n\tat org.openqa.selenium.json.JsonInput.peek(JsonInput.java:122)\n\tat org.openqa.selenium.json.JsonTypeCoercer.lambda$null$6(JsonTypeCoercer.java:140)\n\tat org.openqa.selenium.json.JsonTypeCoercer.coerce(JsonTypeCoercer.java:126)\n\tat org.openqa.selenium.json.Json.toType(Json.java:69)\n\tat org.openqa.selenium.json.Json.toType(Json.java:55)\n\tat org.openqa.selenium.json.Json.toType(Json.java:50)\n\tat org.openqa.selenium.remote.ProtocolHandshake.createSession(ProtocolHandshake.java:112)\n\t... 48 more\n",
              "duration": 4504717364,
>>>>>>> 27409dae8693badb6b20000e056cc3d27994af2c
              "status": "failed"
            },
            "match": {
              "location": "Hooks.beforeScenario(Scenario)"
            }
          }
        ],
        "line": 4,
        "name": "Verify title of Home Page",
        "description": "",
        "id": "home-page-testing;verify-title-of-home-page",
        "after": [
          {
            "result": {
<<<<<<< HEAD
              "duration": 144400,
=======
              "duration": 196333,
>>>>>>> 27409dae8693badb6b20000e056cc3d27994af2c
              "status": "passed"
            },
            "match": {
              "location": "Hooks.afterScenario()"
            }
          }
        ],
        "type": "scenario",
        "keyword": "Scenario",
        "steps": [
          {
            "result": {
<<<<<<< HEAD
              "duration": 2479900,
=======
              "duration": 1493160,
>>>>>>> 27409dae8693badb6b20000e056cc3d27994af2c
              "status": "skipped"
            },
            "line": 5,
            "name": "User opens home page",
            "match": {
              "location": "HomePage_STEPS.user_opens_home_page()"
            },
            "after": [
              {
                "result": {
<<<<<<< HEAD
                  "duration": 56500,
=======
                  "duration": 49391,
>>>>>>> 27409dae8693badb6b20000e056cc3d27994af2c
                  "status": "skipped"
                },
                "match": {
                  "location": "Hooks.afterStepActions()"
                }
              }
            ],
            "keyword": "Given "
          },
          {
            "result": {
<<<<<<< HEAD
              "duration": 1318900,
=======
              "duration": 1383375,
>>>>>>> 27409dae8693badb6b20000e056cc3d27994af2c
              "status": "skipped"
            },
            "line": 6,
            "name": "User sees My Account button",
            "match": {
              "location": "HomePage_STEPS.user_sees_My_Account_button()"
            },
            "after": [
              {
                "result": {
<<<<<<< HEAD
                  "duration": 41500,
=======
                  "duration": 46819,
>>>>>>> 27409dae8693badb6b20000e056cc3d27994af2c
                  "status": "skipped"
                },
                "match": {
                  "location": "Hooks.afterStepActions()"
                }
              }
            ],
            "keyword": "When "
          },
          {
            "result": {
<<<<<<< HEAD
              "duration": 1108500,
              "status": "skipped"
            },
            "line": 7,
            "name": "Verifies title is PHPTRAVELS | Travel Technology Partner",
=======
              "duration": 965716,
              "status": "skipped"
            },
            "line": 7,
            "name": "User navigate to Coupons page",
            "match": {
              "location": "AdminHomePage_STEPS.user_navigate_to_Coupons_page()"
            },
            "after": [
              {
                "result": {
                  "duration": 43321,
                  "status": "skipped"
                },
                "match": {
                  "location": "Hooks.afterStepActions()"
                }
              }
            ],
            "keyword": "And "
          },
          {
            "result": {
              "duration": 793846,
              "status": "skipped"
            },
            "line": 8,
            "name": "Creates a new coupon",
            "match": {
              "location": "AdminCouponPage_STEPS.creates_a_new_coupon()"
            },
            "after": [
              {
                "result": {
                  "duration": 43692,
                  "status": "skipped"
                },
                "match": {
                  "location": "Hooks.afterStepActions()"
                }
              }
            ],
            "keyword": "And "
          },
          {
            "result": {
              "duration": 1009336,
              "status": "skipped"
            },
            "line": 9,
            "name": "Verifies coupon is \"created\"",
>>>>>>> 27409dae8693badb6b20000e056cc3d27994af2c
            "match": {
              "location": "HomePage_STEPS.verifies_title_is_PHPTRAVELS_Travel_Technology_Partner()"
            },
            "after": [
              {
                "result": {
<<<<<<< HEAD
                  "duration": 39000,
=======
                  "duration": 3308204,
>>>>>>> 27409dae8693badb6b20000e056cc3d27994af2c
                  "status": "skipped"
                },
                "match": {
                  "location": "Hooks.afterStepActions()"
                }
              }
            ],
            "keyword": "Then "
          }
        ],
        "tags": [
          {
            "name": "@homePage"
          },
          {
            "name": "@verifytitle"
          },
          {
            "name": "@smoke"
          }
        ]
      }
    ],
    "name": "Home page Testing",
    "description": "",
    "id": "home-page-testing",
    "keyword": "Feature",
    "uri": "file:src/test/resources/features/homePage.feature",
    "tags": [
      {
        "name": "@homePage",
        "type": "Tag",
        "location": {
          "line": 1,
          "column": 1
        }
      }
    ]
  }
]